JvmtiExport can_access_local_variables 0
JvmtiExport can_hotswap_or_post_breakpoint 0
JvmtiExport can_post_on_exceptions 0
# 564 ciObject found
ciMethod java/lang/Object <init> ()V 4097 1 124156 0 0
ciMethod java/lang/Object hashCode ()I 2049 1 256 0 -1
ciMethod java/lang/Object equals (Ljava/lang/Object;)Z 3089 1 2438 0 -1
ciMethod java/lang/Object clone ()Ljava/lang/Object; 2049 1 256 0 -1
ciMethod java/lang/String <init> ([CII)V 2929 1 6559 0 688
ciMethod java/lang/String <init> ([BIILjava/lang/String;)V 2081 1 767 0 -1
ciMethod java/lang/String <init> ([CZ)V 2049 1 10736 0 0
ciMethod java/lang/String length ()I 3089 1 82467 0 0
ciMethod java/lang/String charAt (I)C 4097 1 718691 0 -1
ciMethod java/lang/String codePointAt (I)I 1153 1 3060 0 -1
ciMethod java/lang/String getChars ([CI)V 2065 1 5429 0 0
ciMethod java/lang/String equals (Ljava/lang/Object;)Z 2049 12393 2383 0 -1
ciMethod java/lang/String equalsIgnoreCase (Ljava/lang/String;)Z 2049 1 5465 0 1456
ciMethod java/lang/String regionMatches (ZILjava/lang/String;II)Z 1481 593 3510 0 0
ciMethod java/lang/String startsWith (Ljava/lang/String;)Z 2097 1 11426 0 -1
ciMethod java/lang/String hashCode ()I 2673 32769 1023 0 304
ciMethod java/lang/String indexOf (I)I 2065 1 105176 0 -1
ciMethod java/lang/String indexOf (II)I 1073 40465 825 0 -1
ciMethod java/lang/String indexOfSupplementary (II)I 0 0 1 0 -1
ciMethod java/lang/String lastIndexOf (I)I 2201 1 12335 0 272
ciMethod java/lang/String lastIndexOf (II)I 889 49441 826 0 304
ciMethod java/lang/String lastIndexOfSupplementary (II)I 0 0 1 0 -1
ciMethod java/lang/String substring (II)Ljava/lang/String; 2057 1 5464 0 1008
ciMethod java/lang/String concat (Ljava/lang/String;)Ljava/lang/String; 2057 1 5429 0 880
ciMethod java/lang/String replace (CC)Ljava/lang/String; 1097 53297 1046 0 1168
ciMethod java/lang/String toUpperCase (Ljava/util/Locale;)Ljava/lang/String; 537 13865 803 0 0
ciMethod java/lang/ClassLoader preDefineClass (Ljava/lang/String;Ljava/security/ProtectionDomain;)Ljava/security/ProtectionDomain; 3209 1 1891 0 -1
ciMethod java/lang/ClassLoader defineClassSourceLocation (Ljava/security/ProtectionDomain;)Ljava/lang/String; 3209 1 1891 0 -1
ciMethod java/lang/ClassLoader postDefineClass (Ljava/lang/Class;Ljava/security/ProtectionDomain;)V 3193 1 1891 0 -1
ciMethod java/lang/ClassLoader defineClass (Ljava/lang/String;[BIILjava/security/ProtectionDomain;)Ljava/lang/Class; 2153 1 1830 0 -1
ciMethod java/lang/ClassLoader defineClass1 (Ljava/lang/String;[BIILjava/security/ProtectionDomain;Ljava/lang/String;)Ljava/lang/Class; 4105 1 513 0 -1
ciMethod java/lang/ClassLoader checkName (Ljava/lang/String;)Z 2065 1 5428 0 -1
ciMethod java/lang/ClassLoader checkCerts (Ljava/lang/String;Ljava/security/CodeSource;)V 4097 1 1891 0 -1
ciMethod java/lang/ClassLoader definePackage (Ljava/lang/String;Ljava/lang/String;Ljava/lang/String;Ljava/lang/String;Ljava/lang/String;Ljava/lang/String;Ljava/lang/String;Ljava/net/URL;)Ljava/lang/Package; 905 1 303 0 0
ciMethod java/lang/ClassLoader getPackage (Ljava/lang/String;)Ljava/lang/Package; 2089 1 3464 0 0
ciMethod java/lang/System nanoTime ()J 3073 1 384 0 -1
ciMethod java/lang/System arraycopy (Ljava/lang/Object;ILjava/lang/Object;II)V 5121 1 640 0 -1
ciMethod java/lang/Throwable <init> (Ljava/lang/String;)V 2049 1 350 0 -1
ciMethod java/lang/Throwable addSuppressed (Ljava/lang/Throwable;)V 0 0 1 0 0
ciMethod java/lang/Exception <init> (Ljava/lang/String;)V 2049 1 328 0 -1
ciMethod java/lang/RuntimeException <init> (Ljava/lang/String;)V 169 1 24 0 -1
ciMethod java/security/ProtectionDomain <init> (Ljava/security/CodeSource;Ljava/security/PermissionCollection;Ljava/lang/ClassLoader;[Ljava/security/Principal;)V 193 1 98 0 -1
ciMethod java/security/ProtectionDomain getCodeSource ()Ljava/security/CodeSource; 1033 1 129 0 -1
ciMethod java/security/SecureClassLoader defineClass (Ljava/lang/String;[BIILjava/security/CodeSource;)Ljava/lang/Class; 2145 1 1781 0 0
ciMethod java/security/SecureClassLoader defineClass (Ljava/lang/String;Ljava/nio/ByteBuffer;Ljava/security/CodeSource;)Ljava/lang/Class; 0 0 1 0 -1
ciMethod java/security/SecureClassLoader getPermissions (Ljava/security/CodeSource;)Ljava/security/PermissionCollection; 465 1 53 0 -1
ciMethod java/security/SecureClassLoader getProtectionDomain (Ljava/security/CodeSource;)Ljava/security/ProtectionDomain; 2145 1 1830 0 -1
ciMethod java/lang/NoClassDefFoundError <init> (Ljava/lang/String;)V 9 1 1 0 -1
ciMethod java/lang/ref/Reference get ()Ljava/lang/Object; 1025 1 128 0 -1
ciMethod java/lang/ref/Reference <init> (Ljava/lang/Object;)V 2049 1 3158 0 0
ciMethod java/lang/ref/Reference <init> (Ljava/lang/Object;Ljava/lang/ref/ReferenceQueue;)V 2065 1 11251 0 0
ciMethod java/lang/ref/SoftReference <init> (Ljava/lang/Object;)V 1785 1 1116 0 0
ciMethod java/lang/ref/SoftReference get ()Ljava/lang/Object; 2049 1 4403 0 0
ciMethod java/lang/Thread currentThread ()Ljava/lang/Thread; 3073 1 384 0 -1
ciMethod java/lang/Thread interrupt ()V 0 0 1 0 -1
ciMethod java/lang/Thread interrupted ()Z 3177 1 1851 0 -1
ciMethod java/util/Map get (Ljava/lang/Object;)Ljava/lang/Object; 0 0 1 0 -1
ciMethod java/util/Map put (Ljava/lang/Object;Ljava/lang/Object;)Ljava/lang/Object; 0 0 1 0 -1
ciMethod java/util/Hashtable <init> (IF)V 2049 1 485 0 0
ciMethod java/util/Hashtable <init> (I)V 969 1 117 0 0
ciMethod java/util/Hashtable <init> ()V 2049 1 368 0 0
ciMethod java/util/Dictionary <init> ()V 2049 1 485 0 0
ciMethod java/lang/StringBuilder <init> ()V 937 1 8241 0 -1
ciMethod java/lang/StringBuilder append (Ljava/lang/Object;)Ljava/lang/StringBuilder; 673 1 387 0 -1
ciMethod java/lang/StringBuilder append (Ljava/lang/String;)Ljava/lang/StringBuilder; 2041 1 11604 0 -1
ciMethod java/lang/StringBuilder append (I)Ljava/lang/StringBuilder; 1 1 360 0 -1
ciMethod java/lang/StringBuilder append (F)Ljava/lang/StringBuilder; 0 0 1 0 -1
ciMethod java/lang/StringBuilder toString ()Ljava/lang/String; 1017 1 8325 0 -1
ciMethod java/io/ByteArrayInputStream <init> ([B)V 177 1 118 0 0
ciMethod java/io/InputStream <init> ()V 2049 1 4853 0 0
ciMethod java/io/InputStream read ([BII)I 9 1937 1 0 -1
ciMethod java/io/InputStream close ()V 0 0 1 0 -1
ciMethod java/net/URLClassLoader getAndVerifyPackage (Ljava/lang/String;Ljava/util/jar/Manifest;Ljava/net/URL;)Ljava/lang/Package; 3169 1 1800 0 0
ciMethod java/net/URLClassLoader definePackageInternal (Ljava/lang/String;Ljava/util/jar/Manifest;Ljava/net/URL;)V 2145 1 1781 0 0
ciMethod java/net/URLClassLoader defineClass (Ljava/lang/String;Lsun/misc/Resource;)Ljava/lang/Class; 1121 1 1781 0 0
ciMethod java/net/URLClassLoader definePackage (Ljava/lang/String;Ljava/util/jar/Manifest;Ljava/net/URL;)Ljava/lang/Package; 905 1 303 0 0
ciMethod java/net/URLClassLoader isSealed (Ljava/lang/String;Ljava/util/jar/Manifest;)Z 2049 1 1497 0 0
ciMethod java/net/URLClassLoader access$000 (Ljava/net/URLClassLoader;)Lsun/misc/URLClassPath; 1065 1 133 0 0
ciMethod java/net/URLClassLoader access$100 (Ljava/net/URLClassLoader;Ljava/lang/String;Lsun/misc/Resource;)Ljava/lang/Class; 1121 1 1777 0 0
ciMethod java/net/URL getRef ()Ljava/lang/String; 1145 1 143 0 -1
ciMethod java/net/URL equals (Ljava/lang/Object;)Z 2049 1 1838 0 -1
ciMethod java/util/jar/Manifest <init> (Ljava/io/InputStream;)V 177 1 115 0 0
ciMethod java/util/jar/Manifest getMainAttributes ()Ljava/util/jar/Attributes; 1025 1 128 0 0
ciMethod java/util/jar/Manifest getEntries ()Ljava/util/Map; 1033 1 129 0 0
ciMethod java/util/jar/Manifest getAttributes (Ljava/lang/String;)Ljava/util/jar/Attributes; 2049 1 1884 0 0
ciMethod java/util/jar/Manifest read (Ljava/io/InputStream;)V 177 1 116 0 -1
ciMethod java/util/jar/Manifest parseName ([BI)Ljava/lang/String; 305 1 38 0 -1
ciMethod java/security/CodeSource <init> (Ljava/net/URL;[Ljava/security/CodeSigner;)V 2145 1 1781 0 0
ciMethod java/lang/Character charCount (I)I 1425 1 5381 0 -1
ciMethod java/lang/Character toChars (I[CI)I 0 0 1 0 -1
ciMethod java/lang/Character toChars (I)[C 0 0 1 0 -1
ciMethod java/lang/Character toLowerCase (C)C 2073 1 11091 0 0
ciMethod java/lang/Character toLowerCase (I)I 4097 1 163462 0 160
ciMethod java/lang/Character toUpperCase (C)C 2081 1 10371 0 192
ciMethod java/lang/Character toUpperCase (I)I 2081 1 10371 0 0
ciMethod java/lang/Character toUpperCaseEx (I)I 2073 1 26113 0 -1
ciMethod java/lang/Character toUpperCaseCharArray (I)[C 0 0 1 0 -1
ciMethod java/lang/Float isNaN (F)Z 2089 1 1899 0 0
ciMethod java/lang/Float floatToRawIntBits (F)I 9 1 1 0 -1
ciMethod java/lang/NullPointerException <init> (Ljava/lang/String;)V 0 0 1 0 -1
ciMethod java/util/Comparator compare (Ljava/lang/Object;Ljava/lang/Object;)I 0 0 1 0 -1
ciMethod java/security/AccessController doPrivileged (Ljava/security/PrivilegedAction;)Ljava/lang/Object; 2049 1 256 0 -1
ciMethod java/util/List add (Ljava/lang/Object;)Z 0 0 1 0 -1
ciMethod java/util/AbstractList <init> ()V 2049 1 2617 0 0
ciMethod java/util/AbstractCollection <init> ()V 417 1 5036 0 0
ciMethod java/util/ArrayList <init> (I)V 2057 1 501 0 -1
ciMethod java/util/ArrayList <init> ()V 1305 1 1132 0 0
ciMethod java/util/ArrayList get (I)Ljava/lang/Object; 2113 1 7312 0 -1
ciMethod java/util/AbstractMap <init> ()V 473 1 2837 0 0
ciMethod java/util/HashMap hash (Ljava/lang/Object;)I 2081 1 22322 0 0
ciMethod java/util/HashMap tableSizeFor (I)I 2049 1 1008 0 -1
ciMethod java/util/HashMap <init> (IF)V 1761 1 1004 0 0
ciMethod java/util/HashMap <init> (I)V 545 1 343 0 0
ciMethod java/util/HashMap <init> ()V 193 1 1284 0 0
ciMethod java/util/HashMap get (Ljava/lang/Object;)Ljava/lang/Object; 2049 1 12661 0 592
ciMethod java/util/HashMap getNode (ILjava/lang/Object;)Ljava/util/HashMap$Node; 2073 1 11650 0 528
ciMethod java/util/HashMap put (Ljava/lang/Object;Ljava/lang/Object;)Ljava/lang/Object; 913 1 7129 0 208
ciMethod java/util/HashMap putVal (ILjava/lang/Object;Ljava/lang/Object;ZZ)Ljava/lang/Object; 937 9 6164 0 1136
ciMethod java/util/HashMap resize ()[Ljava/util/HashMap$Node; 385 153 1654 0 -1
ciMethod java/util/HashMap treeifyBin ([Ljava/util/HashMap$Node;I)V 0 0 1 0 -1
ciMethod java/util/HashMap newNode (ILjava/lang/Object;Ljava/lang/Object;Ljava/util/HashMap$Node;)Ljava/util/HashMap$Node; 2065 1 5392 0 208
ciMethod java/util/HashMap afterNodeAccess (Ljava/util/HashMap$Node;)V 2065 1 1159 0 0
ciMethod java/util/HashMap afterNodeInsertion (Z)V 2073 1 1287 0 0
ciMethod java/util/HashMap$Node <init> (ILjava/lang/Object;Ljava/lang/Object;Ljava/util/HashMap$Node;)V 2073 1 11848 0 0
ciMethod sun/misc/VM allowArraySyntax ()Z 2089 1 5428 0 -1
ciMethod java/lang/Math max (II)I 417 1 18783 0 -1
ciMethod java/lang/Math min (II)I 3065 1 40780 0 -1
ciMethod java/lang/Math min (FF)F 2065 1 522 0 0
ciMethod java/util/Objects requireNonNull (Ljava/lang/Object;Ljava/lang/String;)Ljava/lang/Object; 2049 1 467 0 -1
ciMethod java/io/OutputStream <init> ()V 3097 1 362 0 0
ciMethod java/util/Arrays copyOf ([BI)[B 3081 1 9240 0 -1
ciMethod java/util/Arrays copyOf ([CI)[C 921 1 14916 0 0
ciMethod java/util/Arrays copyOfRange ([CII)[C 3105 1 5775 0 512
ciMethod java/io/PrintStream println (Ljava/lang/String;)V 0 0 1 0 -1
ciMethodData java/lang/Object <init> ()V 2 124156 orig 264 56 173 145 7 0 0 0 0 128 4 134 5 0 0 0 0 32 1 0 0 0 0 0 0 0 0 0 0 0 0 0 0 0 0 0 0 0 0 0 0 0 0 0 0 0 0 0 0 0 0 0 0 0 0 0 0 0 0 0 0 0 0 0 0 0 0 0 0 0 0 0 0 0 0 0 0 0 0 0 0 77 68 79 32 101 120 116 114 97 32 100 97 116 97 32 108 111 99 107 0 0 0 0 0 0 0 0 0 0 0 0 0 0 0 0 0 0 0 0 0 0 0 0 0 0 0 0 0 0 0 0 0 0 0 0 0 0 0 0 0 0 0 0 0 0 0 0 0 0 0 0 0 0 0 0 0 0 0 0 0 0 0 0 0 0 0 0 0 0 0 0 0 0 0 0 0 0 0 0 0 0 0 0 0 1 0 0 0 0 0 0 0 1 0 0 0 0 0 0 0 1 0 0 0 0 0 0 0 0 0 0 0 0 0 0 0 0 2 0 0 225 23 15 0 1 0 0 0 0 0 0 0 0 0 0 0 2 0 0 0 0 0 3 0 1 0 0 0 0 0 0 0 255 255 255 255 0 0 0 0 0 0 0 0 data 0 oops 0
ciMethod java/lang/IllegalArgumentException <init> (Ljava/lang/String;)V 0 0 3 0 -1
ciMethod java/lang/IllegalArgumentException <init> (Ljava/lang/String;Ljava/lang/Throwable;)V 0 0 1 0 -1
ciMethod sun/security/util/Debug println (Ljava/lang/String;)V 0 0 1 0 -1
ciMethod sun/misc/MetaIndex mayContain (Ljava/lang/String;)Z 2097 3233 3342 0 -1
ciMethodData java/lang/String charAt (I)C 2 721357 orig 264 56 173 145 7 0 0 0 0 176 61 134 5 0 0 0 0 120 1 0 0 32 0 0 0 0 0 0 0 0 0 0 0 0 0 0 0 0 0 0 0 0 0 0 0 0 0 0 0 0 0 0 0 0 0 0 0 0 0 0 0 0 0 0 0 0 0 0 0 0 0 0 0 0 0 0 0 0 0 0 0 77 68 79 32 101 120 116 114 97 32 100 97 116 97 32 108 111 99 107 0 0 0 0 0 0 0 0 0 0 0 0 0 0 0 0 0 0 0 0 0 0 0 0 0 0 0 0 0 0 0 0 0 0 0 0 0 0 0 0 0 0 0 0 0 0 0 0 0 0 0 0 0 0 0 0 0 0 0 0 0 0 0 0 0 0 0 0 0 0 0 0 0 0 0 0 0 0 0 0 0 0 0 0 0 0 0 0 0 0 0 0 0 0 0 0 0 0 0 0 0 0 0 0 0 0 0 0 0 0 0 0 0 0 0 0 0 0 2 0 0 105 254 87 0 1 0 0 0 0 0 0 0 0 0 0 0 2 0 0 0 0 0 8 0 2 0 0 0 80 0 0 0 255 255 255 255 7 0 1 0 0 0 0 0 data 10 0x10007 0x0 0x40 0xaffcd 0xa0007 0xaffcd 0x30 0x0 0x120002 0x0 oops 0
ciMethod java/util/Locale getLanguage ()Ljava/lang/String; 481 1 1670 0 -1
ciMethod java/lang/CharacterData toLowerCase (I)I 0 0 1 0 -1
ciMethod java/lang/CharacterData toUpperCase (I)I 0 0 1 0 -1
ciMethod java/lang/CharacterData of (I)Ljava/lang/CharacterData; 4097 1 6507 0 96
ciMethod java/lang/CharacterDataLatin1 getProperties (I)I 4097 1 30645 0 -1
ciMethod java/lang/CharacterDataLatin1 toLowerCase (I)I 4097 1 8551 0 144
ciMethod java/lang/CharacterDataLatin1 toUpperCase (I)I 3073 1 6327 0 176
ciMethod java/util/HashMap$TreeNode getTreeNode (ILjava/lang/Object;)Ljava/util/HashMap$TreeNode; 0 0 1 0 -1
ciMethod java/util/HashMap$TreeNode putTreeVal (Ljava/util/HashMap;[Ljava/util/HashMap$Node;ILjava/lang/Object;Ljava/lang/Object;)Ljava/util/HashMap$TreeNode; 0 0 1 0 -1
ciMethod java/util/HashMap$TreeNode split (Ljava/util/HashMap;[Ljava/util/HashMap$Node;II)V 0 0 1 0 -1
ciMethodData java/lang/Character toLowerCase (I)I 2 163462 orig 264 56 173 145 7 0 0 0 0 160 178 143 5 0 0 0 0 136 1 0 0 0 0 0 0 0 0 0 0 0 0 0 0 0 0 0 0 0 0 0 0 0 0 0 0 0 0 0 0 0 0 0 0 0 0 0 0 0 0 0 0 0 0 0 0 0 0 0 0 0 0 0 0 0 0 0 0 0 0 0 0 77 68 79 32 101 120 116 114 97 32 100 97 116 97 32 108 111 99 107 0 0 0 0 0 0 0 0 0 0 0 0 0 0 0 0 0 0 0 0 0 0 0 0 0 0 0 0 0 0 0 0 0 0 0 0 0 0 0 0 0 0 0 0 0 0 0 0 0 0 0 0 0 0 0 0 0 0 0 0 0 0 0 0 0 0 0 0 0 0 0 0 0 0 0 0 0 0 0 0 0 0 0 0 0 0 0 0 0 0 0 0 0 0 0 0 0 0 0 0 0 0 0 0 0 0 0 0 0 0 0 0 0 0 0 0 0 0 2 0 0 49 228 19 0 1 0 0 0 0 0 0 0 0 0 0 0 2 0 0 0 0 0 3 0 2 0 0 0 64 0 0 0 255 255 255 255 2 0 1 0 0 0 0 0 data 8 0x10002 0x27c86 0x50005 0x0 0x58b7db10 0x27c86 0x0 0x0 oops 1